[0729/190859.272:ERROR:process_info.cc(359)] UncheckedAllocate
[0729/191016.080:ERROR:process_info.cc(359)] UncheckedAllocate
[0729/191016.955:ERROR:process_info.cc(359)] UncheckedAllocate
[0729/191735.578:ERROR:process_info.cc(359)] UncheckedAllocate
[0729/191737.270:ERROR:process_info.cc(359)] UncheckedAllocate
[0729/191945.746:ERROR:process_info.cc(359)] UncheckedAllocate
[0729/193839.568:ERROR:process_info.cc(359)] UncheckedAllocate
[0729/193839.568:ERROR:process_info.cc(359)] UncheckedAllocate
[0729/194238.625:ERROR:process_info.cc(359)] UncheckedAllocate
[0729/194238.625:ERROR:process_info.cc(359)] UncheckedAllocate
[0729/194514.923:ERROR:process_info.cc(359)] UncheckedAllocate
[0729/194557.463:ERROR:process_info.cc(359)] UncheckedAllocate
[0729/194618.101:ERROR:process_info.cc(359)] UncheckedAllocate
[0729/194623.567:ERROR:process_info.cc(359)] UncheckedAllocate
[0730/012450.026:ERROR:process_info.cc(359)] UncheckedAllocate
[0730/013117.050:ERROR:process_info.cc(359)] UncheckedAllocate
[0730/013117.263:ERROR:process_info.cc(359)] UncheckedAllocate
[0730/013117.424:ERROR:process_memory_win.cc(73)] ReadMemory at 0x7ff759470000 of 64 bytes failed: ?????? ReadProcessMemory ??? WriteProcessMemory ??? ???????? ?????? ????????. (0x12B)
[0730/013117.424:WARNING:pe_image_reader.cc(340)] could not read dos header from C:\Program Files (x86)\Google\Chrome\Application\chrome.exe
[0730/013117.424:ERROR:process_memory_win.cc(73)] ReadMemory at 0x7ff815180000 of 64 bytes failed: ?????? ReadProcessMemory ??? WriteProcessMemory ??? ???????? ?????? ????????. (0x12B)
[0730/013117.424:WARNING:pe_image_reader.cc(340)] could not read dos header from C:\WINDOWS\SYSTEM32\ntdll.dll
[0730/013117.425:ERROR:process_memory_win.cc(73)] ReadMemory at 0x7ff8145f0000 of 64 bytes failed: ?????? ReadProcessMemory ??? WriteProcessMemory ??? ???????? ?????? ????????. (0x12B)
[0730/013117.425:WARNING:pe_image_reader.cc(340)] could not read dos header from C:\WINDOWS\System32\KERNEL32.DLL
[0730/013117.425:ERROR:process_memory_win.cc(73)] ReadMemory at 0x7ff812e50000 of 64 bytes failed: ?????? ReadProcessMemory ??? WriteProcessMemory ??? ???????? ?????? ????????. (0x12B)
[0730/013117.425:WARNING:pe_image_reader.cc(340)] could not read dos header from C:\WINDOWS\System32\KERNELBASE.dll
[0730/013117.425:ERROR:process_memory_win.cc(73)] ReadMemory at 0x26888d6e330 of 72 bytes failed: ?????? ReadProcessMemory ??? WriteProcessMemory ??? ???????? ?????? ????????. (0x12B)
[0730/013117.425:WARNING:pe_image_annotations_reader.cc(134)] could not read annotations list object in C:\Program Files (x86)\Google\Chrome\Application\84.0.4147.105\chrome_elf.dll
[0730/013117.425:ERROR:process_memory_win.cc(73)] ReadMemory at 0x7ff8074b0000 of 64 bytes failed: ?????? ReadProcessMemory ??? WriteProcessMemory ??? ???????? ?????? ????????. (0x12B)
[0730/013117.425:WARNING:pe_image_reader.cc(340)] could not read dos header from C:\WINDOWS\SYSTEM32\VERSION.dll
[0730/013117.425:ERROR:process_memory_win.cc(73)] ReadMemory at 0x7ff814160000 of 64 bytes failed: ?????? ReadProcessMemory ??? WriteProcessMemory ??? ???????? ?????? ????????. (0x12B)
[0730/013117.425:WARNING:pe_image_reader.cc(340)] could not read dos header from C:\WINDOWS\System32\msvcrt.dll
[0730/013117.425:ERROR:process_memory_win.cc(73)] ReadMemory at 0x7ff812b50000 of 64 bytes failed: ?????? ReadProcessMemory ??? WriteProcessMemory ??? ???????? ?????? ????????. (0x12B)
[0730/013117.425:WARNING:pe_image_reader.cc(340)] could not read dos header from C:\WINDOWS\System32\bcryptPrimitives.dll
[0730/013117.425:ERROR:process_memory_win.cc(73)] ReadMemory at 0x7ff814200000 of 64 bytes failed: ?????? ReadProcessMemory ??? WriteProcessMemory ??? ???????? ?????? ????????. (0x12B)
[0730/013117.425:WARNING:pe_image_reader.cc(340)] could not read dos header from C:\WINDOWS\System32\ADVAPI32.dll
[0730/013117.425:ERROR:process_memory_win.cc(73)] ReadMemory at 0x7ff813c10000 of 64 bytes failed: ?????? ReadProcessMemory ??? WriteProcessMemory ??? ???????? ?????? ????????. (0x12B)
[0730/013117.425:WARNING:pe_image_reader.cc(340)] could not read dos header from C:\WINDOWS\System32\sechost.dll
[0730/013117.425:ERROR:process_memory_win.cc(73)] ReadMemory at 0x7ff8139a0000 of 64 bytes failed: ?????? ReadProcessMemory ??? WriteProcessMemory ??? ???????? ?????? ????????. (0x12B)
[0730/013117.425:WARNING:pe_image_reader.cc(340)] could not read dos header from C:\WINDOWS\System32\RPCRT4.dll
[0730/013117.425:ERROR:process_memory_win.cc(73)] ReadMemory at 0x7fffcdab0000 of 64 bytes failed: ?????? ReadProcessMemory ??? WriteProcessMemory ??? ???????? ?????? ????????. (0x12B)
[0730/013117.425:WARNING:pe_image_reader.cc(340)] could not read dos header from C:\Program Files (x86)\Google\Chrome\Application\84.0.4147.105\chrome.dll
[0730/013117.425:ERROR:process_memory_win.cc(73)] ReadMemory at 0x7ff8142c0000 of 64 bytes failed: ?????? ReadProcessMemory ??? WriteProcessMemory ??? ???????? ?????? ????????. (0x12B)
[0730/013117.425:WARNING:pe_image_reader.cc(340)] could not read dos header from C:\WINDOWS\System32\WS2_32.dll
[0730/013117.425:ERROR:process_memory_win.cc(73)] ReadMemory at 0x7ff814090000 of 64 bytes failed: ?????? ReadProcessMemory ??? WriteProcessMemory ??? ???????? ?????? ????????. (0x12B)
[0730/013117.425:WARNING:pe_image_reader.cc(340)] could not read dos header from C:\WINDOWS\System32\OLEAUT32.dll
[0730/013117.425:ERROR:process_memory_win.cc(73)] ReadMemory at 0x7ff812ab0000 of 64 bytes failed: ?????? ReadProcessMemory ??? WriteProcessMemory ??? ???????? ?????? ????????. (0x12B)
[0730/013117.425:WARNING:pe_image_reader.cc(340)] could not read dos header from C:\WINDOWS\System32\msvcp_win.dll
[0730/013117.425:ERROR:process_memory_win.cc(73)] ReadMemory at 0x7ff813130000 of 64 bytes failed: ?????? ReadProcessMemory ??? WriteProcessMemory ??? ???????? ?????? ????????. (0x12B)
[0730/013117.425:WARNING:pe_image_reader.cc(340)] could not read dos header from C:\WINDOWS\System32\ucrtbase.dll
[0730/013117.425:ERROR:process_memory_win.cc(73)] ReadMemory at 0x7ff813ce0000 of 64 bytes failed: ?????? ReadProcessMemory ??? WriteProcessMemory ??? ???????? ?????? ????????. (0x12B)
[0730/013117.425:WARNING:pe_image_reader.cc(340)] could not read dos header from C:\WINDOWS\System32\combase.dll
[0730/013117.425:ERROR:process_memory_win.cc(73)] ReadMemory at 0x7ff812bd0000 of 64 bytes failed: ?????? ReadProcessMemory ??? WriteProcessMemory ??? ???????? ?????? ????????. (0x12B)
[0730/013117.425:WARNING:pe_image_reader.cc(340)] could not read dos header from C:\WINDOWS\System32\WINTRUST.dll
[0730/013117.425:ERROR:process_memory_win.cc(73)] ReadMemory at 0x7ff812060000 of 64 bytes failed: ?????? ReadProcessMemory ??? WriteProcessMemory ??? ???????? ?????? ????????. (0x12B)
[0730/013117.425:WARNING:pe_image_reader.cc(340)] could not read dos header from C:\WINDOWS\System32\MSASN1.dll
[0730/013117.425:ERROR:process_memory_win.cc(73)] ReadMemory at 0x7ff812d00000 of 64 bytes failed: ?????? ReadProcessMemory ??? WriteProcessMemory ??? ???????? ?????? ????????. (0x12B)
[0730/013117.425:WARNING:pe_image_reader.cc(340)] could not read dos header from C:\WINDOWS\System32\CRYPT32.dll
[0730/013117.425:ERROR:process_memory_win.cc(73)] ReadMemory at 0x7ff8115b0000 of 64 bytes failed: ?????? ReadProcessMemory ??? WriteProcessMemory ??? ???????? ?????? ????????. (0x12B)
[0730/013117.425:WARNING:pe_image_reader.cc(340)] could not read dos header from C:\WINDOWS\SYSTEM32\IPHLPAPI.DLL
[0730/013117.425:ERROR:process_memory_win.cc(73)] ReadMemory at 0x7ff80fed0000 of 64 bytes failed: ?????? ReadProcessMemory ??? WriteProcessMemory ??? ???????? ?????? ????????. (0x12B)
[0730/013117.425:WARNING:pe_image_reader.cc(340)] could not read dos header from C:\WINDOWS\SYSTEM32\WINMM.dll
[0730/013117.425:ERROR:process_memory_win.cc(73)] ReadMemory at 0x7ff8040e0000 of 64 bytes failed: ?????? ReadProcessMemory ??? WriteProcessMemory ??? ???????? ?????? ????????. (0x12B)
[0730/013117.426:WARNING:pe_image_reader.cc(340)] could not read dos header from C:\WINDOWS\SYSTEM32\Secur32.dll
[0730/013117.426:ERROR:process_memory_win.cc(73)] ReadMemory at 0x7ff811f50000 of 64 bytes failed: ?????? ReadProcessMemory ??? WriteProcessMemory ??? ???????? ?????? ????????. (0x12B)
[0730/013117.426:WARNING:pe_image_reader.cc(340)] could not read dos header from C:\WINDOWS\SYSTEM32\USERENV.dll
[0730/013117.426:ERROR:process_memory_win.cc(73)] ReadMemory at 0x7ff812080000 of 64 bytes failed: ?????? ReadProcessMemory ??? WriteProcessMemory ??? ???????? ?????? ????????. (0x12B)
[0730/013117.426:WARNING:pe_image_reader.cc(340)] could not read dos header from C:\WINDOWS\System32\profapi.dll
[0730/013117.426:ERROR:process_memory_win.cc(73)] ReadMemory at 0x7ff800510000 of 64 bytes failed: ?????? ReadProcessMemory ??? WriteProcessMemory ??? ???????? ?????? ????????. (0x12B)
[0730/013117.426:WARNING:pe_image_reader.cc(340)] could not read dos header from C:\WINDOWS\SYSTEM32\DWrite.dll
[0730/013117.426:ERROR:process_memory_win.cc(73)] ReadMemory at 0x7ff807260000 of 64 bytes failed: ?????? ReadProcessMemory ??? WriteProcessMemory ??? ???????? ?????? ????????. (0x12B)
[0730/013117.426:WARNING:pe_image_reader.cc(340)] could not read dos header from C:\WINDOWS\SYSTEM32\WINSPOOL.DRV
[0730/013117.426:ERROR:process_memory_win.cc(73)] ReadMemory at 0x7ff812040000 of 64 bytes failed: ?????? ReadProcessMemory ??? WriteProcessMemory ??? ???????? ?????? ????????. (0x12B)
[0730/013117.426:WARNING:pe_image_reader.cc(340)] could not read dos header from C:\WINDOWS\System32\kernel.appcore.dll
[0730/013117.426:ERROR:process_memory_win.cc(73)] ReadMemory at 0x7ff813100000 of 64 bytes failed: ?????? ReadProcessMemory ??? WriteProcessMemory ??? ???????? ?????? ????????. (0x12B)
[0730/013117.426:WARNING:pe_image_reader.cc(340)] could not read dos header from C:\WINDOWS\System32\bcrypt.dll
[0730/013117.426:ERROR:process_memory_win.cc(73)] ReadMemory at 0x7ff805b40000 of 64 bytes failed: ?????? ReadProcessMemory ??? WriteProcessMemory ??? ???????? ?????? ????????. (0x12B)
[0730/013117.426:WARNING:pe_image_reader.cc(340)] could not read dos header from C:\WINDOWS\SYSTEM32\dbghelp.dll
[0730/013117.426:ERROR:process_memory_win.cc(73)] ReadMemory at 0x7ff8061f0000 of 64 bytes failed: ?????? ReadProcessMemory ??? WriteProcessMemory ??? ???????? ?????? ????????. (0x12B)
[0730/013117.426:WARNING:pe_image_reader.cc(340)] could not read dos header from C:\WINDOWS\SYSTEM32\WINHTTP.dll
[0730/013117.426:ERROR:process_memory_win.cc(73)] ReadMemory at 0x7ff805d50000 of 64 bytes failed: ?????? ReadProcessMemory ??? WriteProcessMemory ??? ???????? ?????? ????????. (0x12B)
[0730/013117.426:WARNING:pe_image_reader.cc(340)] could not read dos header from C:\WINDOWS\SYSTEM32\dhcpcsvc.DLL
[0730/013117.426:ERROR:process_memory_win.cc(73)] ReadMemory at 0x7ff8142b0000 of 64 bytes failed: ?????? ReadProcessMemory ??? WriteProcessMemory ??? ???????? ?????? ????????. (0x12B)
[0730/013117.426:WARNING:pe_image_reader.cc(340)] could not read dos header from C:\WINDOWS\System32\NSI.dll
[0730/013117.426:ERROR:process_memory_win.cc(73)] ReadMemory at 0x7ff80fe90000 of 64 bytes failed: ?????? ReadProcessMemory ??? WriteProcessMemory ??? ???????? ?????? ????????. (0x12B)
[0730/013117.426:WARNING:pe_image_reader.cc(340)] could not read dos header from C:\WINDOWS\SYSTEM32\WINMMBASE.dll
[0730/013117.426:ERROR:process_memory_win.cc(73)] ReadMemory at 0x7ff8122d0000 of 64 bytes failed: ?????? ReadProcessMemory ??? WriteProcessMemory ??? ???????? ?????? ????????. (0x12B)
[0730/013117.426:WARNING:pe_image_reader.cc(340)] could not read dos header from C:\WINDOWS\System32\cfgmgr32.dll
[0730/013117.426:ERROR:process_memory_win.cc(73)] ReadMemory at 0x7ff810af0000 of 64 bytes failed: ?????? ReadProcessMemory ??? WriteProcessMemory ??? ???????? ?????? ????????. (0x12B)
[0730/013117.426:WARNING:pe_image_reader.cc(340)] could not read dos header from C:\WINDOWS\SYSTEM32\PROPSYS.dll
[0730/013117.426:ERROR:process_memory_win.cc(73)] ReadMemory at 0x26888e60000 of 64 bytes failed: ?????? ReadProcessMemory ??? WriteProcessMemory ??? ???????? ?????? ????????. (0x12B)
[0730/013117.426:WARNING:pe_image_reader.cc(340)] could not read dos header from C:\WINDOWS\System32\shcore.dll
[0730/013117.426:ERROR:process_memory_win.cc(73)] ReadMemory at 0x7ff811f20000 of 64 bytes failed: ?????? ReadProcessMemory ??? WriteProcessMemory ??? ???????? ?????? ????????. (0x12B)
[0730/013117.426:WARNING:pe_image_reader.cc(340)] could not read dos header from C:\WINDOWS\SYSTEM32\SSPICLI.DLL
[0730/013117.426:ERROR:process_memory_win.cc(73)] ReadMemory at 0x7ff8132b0000 of 64 bytes failed: ?????? ReadProcessMemory ??? WriteProcessMemory ??? ???????? ?????? ????????. (0x12B)
[0730/013117.426:WARNING:pe_image_reader.cc(340)] could not read dos header from C:\WINDOWS\System32\SHELL32.dll
[0730/013117.426:ERROR:process_memory_win.cc(73)] ReadMemory at 0x7ff812320000 of 64 bytes failed: ?????? ReadProcessMemory ??? WriteProcessMemory ??? ???????? ?????? ????????. (0x12B)
[0730/013117.426:WARNING:pe_image_reader.cc(340)] could not read dos header from C:\WINDOWS\System32\windows.storage.dll
[0730/013117.426:ERROR:process_memory_win.cc(73)] ReadMemory at 0x7ff8120b0000 of 64 bytes failed: ?????? ReadProcessMemory ??? WriteProcessMemory ??? ???????? ?????? ????????. (0x12B)
[0730/013117.426:WARNING:pe_image_reader.cc(340)] could not read dos header from C:\WINDOWS\System32\powrprof.dll
[0730/013117.426:ERROR:process_memory_win.cc(73)] ReadMemory at 0x7ff812030000 of 64 bytes failed: ?????? ReadProcessMemory ??? WriteProcessMemory ??? ???????? ?????? ????????. (0x12B)
[0730/013117.426:WARNING:pe_image_reader.cc(340)] could not read dos header from C:\WINDOWS\System32\UMPDC.dll
[0730/013117.426:ERROR:process_memory_win.cc(73)] ReadMemory at 0x7ff814020000 of 64 bytes failed: ?????? ReadProcessMemory ??? WriteProcessMemory ??? ???????? ?????? ????????. (0x12B)
[0730/013117.426:WARNING:pe_image_reader.cc(340)] could not read dos header from C:\WINDOWS\System32\shlwapi.dll
[0730/013117.426:ERROR:process_memory_win.cc(73)] ReadMemory at 0x7ff813cb0000 of 64 bytes failed: ?????? ReadProcessMemory ??? WriteProcessMemory ??? ???????? ?????? ????????. (0x12B)
[0730/013117.427:WARNING:pe_image_reader.cc(340)] could not read dos header from C:\WINDOWS\System32\GDI32.dll
[0730/013117.427:ERROR:process_memory_win.cc(73)] ReadMemory at 0x7ff8122a0000 of 64 bytes failed: ?????? ReadProcessMemory ??? WriteProcessMemory ??? ???????? ?????? ????????. (0x12B)
[0730/013117.427:WARNING:pe_image_reader.cc(340)] could not read dos header from C:\WINDOWS\System32\win32u.dll
[0730/013117.427:ERROR:process_memory_win.cc(73)] ReadMemory at 0x7ff812100000 of 64 bytes failed: ?????? ReadProcessMemory ??? WriteProcessMemory ??? ???????? ?????? ????????. (0x12B)
[0730/013117.427:WARNING:pe_image_reader.cc(340)] could not read dos header from C:\WINDOWS\System32\gdi32full.dll
[0730/013117.427:ERROR:process_memory_win.cc(73)] ReadMemory at 0x7ff814fa0000 of 64 bytes failed: ?????? ReadProcessMemory ??? WriteProcessMemory ??? ???????? ?????? ????????. (0x12B)
[0730/013117.427:WARNING:pe_image_reader.cc(340)] could not read dos header from C:\WINDOWS\System32\USER32.dll
[0730/013117.427:ERROR:process_memory_win.cc(73)] ReadMemory at 0x7ff812c30000 of 64 bytes failed: ?????? ReadProcessMemory ??? WriteProcessMemory ??? ???????? ?????? ????????. (0x12B)
[0730/013117.427:WARNING:pe_image_reader.cc(340)] could not read dos header from C:\WINDOWS\System32\cryptsp.dll
[0730/013117.427:ERROR:process_memory_win.cc(73)] ReadMemory at 0x7ff8145c0000 of 64 bytes failed: ?????? ReadProcessMemory ??? WriteProcessMemory ??? ???????? ?????? ????????. (0x12B)
[0730/013117.427:WARNING:pe_image_reader.cc(340)] could not read dos header from C:\WINDOWS\System32\IMM32.DLL
[0730/013117.427:ERROR:process_memory_win.cc(73)] ReadMemory at 0x7ff811a70000 of 64 bytes failed: ?????? ReadProcessMemory ??? WriteProcessMemory ??? ???????? ?????? ????????. (0x12B)
[0730/013117.427:WARNING:pe_image_reader.cc(340)] could not read dos header from C:\WINDOWS\SYSTEM32\CRYPTBASE.DLL
[0730/013117.427:ERROR:process_memory_win.cc(73)] ReadMemory at 0x7ff759470000 of 64 bytes failed: ?????? ReadProcessMemory ??? WriteProcessMemory ??? ???????? ?????? ????????. (0x12B)
[0730/013117.427:WARNING:pe_image_reader.cc(340)] could not read dos header from C:\Program Files (x86)\Google\Chrome\Application\chrome.exe
[0730/013117.427:ERROR:process_memory_win.cc(73)] ReadMemory at 0x7ff815180000 of 64 bytes failed: ?????? ReadProcessMemory ??? WriteProcessMemory ??? ???????? ?????? ????????. (0x12B)
[0730/013117.427:WARNING:pe_image_reader.cc(340)] could not read dos header from C:\WINDOWS\SYSTEM32\ntdll.dll
[0730/013117.427:ERROR:process_memory_win.cc(73)] ReadMemory at 0x7ff8145f0000 of 64 bytes failed: ?????? ReadProcessMemory ??? WriteProcessMemory ??? ???????? ?????? ????????. (0x12B)
[0730/013117.427:WARNING:pe_image_reader.cc(340)] could not read dos header from C:\WINDOWS\System32\KERNEL32.DLL
[0730/013117.427:ERROR:process_memory_win.cc(73)] ReadMemory at 0x7ff812e50000 of 64 bytes failed: ?????? ReadProcessMemory ??? WriteProcessMemory ??? ???????? ?????? ????????. (0x12B)
[0730/013117.427:WARNING:pe_image_reader.cc(340)] could not read dos header from C:\WINDOWS\System32\KERNELBASE.dll
[0730/013117.427:ERROR:process_memory_win.cc(73)] ReadMemory at 0x26888d6e330 of 72 bytes failed: ?????? ReadProcessMemory ??? WriteProcessMemory ??? ???????? ?????? ????????. (0x12B)
[0730/013117.427:WARNING:pe_image_annotations_reader.cc(134)] could not read annotations list object in C:\Program Files (x86)\Google\Chrome\Application\84.0.4147.105\chrome_elf.dll
[0730/013117.427:ERROR:process_memory_win.cc(73)] ReadMemory at 0x7ff8074b0000 of 64 bytes failed: ?????? ReadProcessMemory ??? WriteProcessMemory ??? ???????? ?????? ????????. (0x12B)
[0730/013117.427:WARNING:pe_image_reader.cc(340)] could not read dos header from C:\WINDOWS\SYSTEM32\VERSION.dll
[0730/013117.427:ERROR:process_memory_win.cc(73)] ReadMemory at 0x7ff814160000 of 64 bytes failed: ?????? ReadProcessMemory ??? WriteProcessMemory ??? ???????? ?????? ????????. (0x12B)
[0730/013117.427:WARNING:pe_image_reader.cc(340)] could not read dos header from C:\WINDOWS\System32\msvcrt.dll
[0730/013117.427:ERROR:process_memory_win.cc(73)] ReadMemory at 0x7ff812b50000 of 64 bytes failed: ?????? ReadProcessMemory ??? WriteProcessMemory ??? ???????? ?????? ????????. (0x12B)
[0730/013117.427:WARNING:pe_image_reader.cc(340)] could not read dos header from C:\WINDOWS\System32\bcryptPrimitives.dll
[0730/013117.427:ERROR:process_memory_win.cc(73)] ReadMemory at 0x7ff814200000 of 64 bytes failed: ?????? ReadProcessMemory ??? WriteProcessMemory ??? ???????? ?????? ????????. (0x12B)
[0730/013117.427:WARNING:pe_image_reader.cc(340)] could not read dos header from C:\WINDOWS\System32\ADVAPI32.dll
[0730/013117.427:ERROR:process_memory_win.cc(73)] ReadMemory at 0x7ff813c10000 of 64 bytes failed: ?????? ReadProcessMemory ??? WriteProcessMemory ??? ???????? ?????? ????????. (0x12B)
[0730/013117.427:WARNING:pe_image_reader.cc(340)] could not read dos header from C:\WINDOWS\System32\sechost.dll
[0730/013117.427:ERROR:process_memory_win.cc(73)] ReadMemory at 0x7ff8139a0000 of 64 bytes failed: ?????? ReadProcessMemory ??? WriteProcessMemory ??? ???????? ?????? ????????. (0x12B)
[0730/013117.427:WARNING:pe_image_reader.cc(340)] could not read dos header from C:\WINDOWS\System32\RPCRT4.dll
[0730/013117.427:ERROR:process_memory_win.cc(73)] ReadMemory at 0x7fffcdab0000 of 64 bytes failed: ?????? ReadProcessMemory ??? WriteProcessMemory ??? ???????? ?????? ????????. (0x12B)
[0730/013117.427:WARNING:pe_image_reader.cc(340)] could not read dos header from C:\Program Files (x86)\Google\Chrome\Application\84.0.4147.105\chrome.dll
[0730/013117.428:ERROR:process_memory_win.cc(73)] ReadMemory at 0x7ff8142c0000 of 64 bytes failed: ?????? ReadProcessMemory ??? WriteProcessMemory ??? ???????? ?????? ????????. (0x12B)
[0730/013117.428:WARNING:pe_image_reader.cc(340)] could not read dos header from C:\WINDOWS\System32\WS2_32.dll
[0730/013117.428:ERROR:process_memory_win.cc(73)] ReadMemory at 0x7ff814090000 of 64 bytes failed: ?????? ReadProcessMemory ??? WriteProcessMemory ??? ???????? ?????? ????????. (0x12B)
[0730/013117.428:WARNING:pe_image_reader.cc(340)] could not read dos header from C:\WINDOWS\System32\OLEAUT32.dll
[0730/013117.428:ERROR:process_memory_win.cc(73)] ReadMemory at 0x7ff812ab0000 of 64 bytes failed: ?????? ReadProcessMemory ??? WriteProcessMemory ??? ???????? ?????? ????????. (0x12B)
[0730/013117.428:WARNING:pe_image_reader.cc(340)] could not read dos header from C:\WINDOWS\System32\msvcp_win.dll
[0730/013117.428:ERROR:process_memory_win.cc(73)] ReadMemory at 0x7ff813130000 of 64 bytes failed: ?????? ReadProcessMemory ??? WriteProcessMemory ??? ???????? ?????? ????????. (0x12B)
[0730/013117.428:WARNING:pe_image_reader.cc(340)] could not read dos header from C:\WINDOWS\System32\ucrtbase.dll
[0730/013117.428:ERROR:process_memory_win.cc(73)] ReadMemory at 0x7ff813ce0000 of 64 bytes failed: ?????? ReadProcessMemory ??? WriteProcessMemory ??? ???????? ?????? ????????. (0x12B)
[0730/013117.428:WARNING:pe_image_reader.cc(340)] could not read dos header from C:\WINDOWS\System32\combase.dll
[0730/013117.428:ERROR:process_memory_win.cc(73)] ReadMemory at 0x7ff812bd0000 of 64 bytes failed: ?????? ReadProcessMemory ??? WriteProcessMemory ??? ???????? ?????? ????????. (0x12B)
[0730/013117.428:WARNING:pe_image_reader.cc(340)] could not read dos header from C:\WINDOWS\System32\WINTRUST.dll
[0730/013117.428:ERROR:process_memory_win.cc(73)] ReadMemory at 0x7ff812060000 of 64 bytes failed: ?????? ReadProcessMemory ??? WriteProcessMemory ??? ???????? ?????? ????????. (0x12B)
[0730/013117.428:WARNING:pe_image_reader.cc(340)] could not read dos header from C:\WINDOWS\System32\MSASN1.dll
[0730/013117.428:ERROR:process_memory_win.cc(73)] ReadMemory at 0x7ff812d00000 of 64 bytes failed: ?????? ReadProcessMemory ??? WriteProcessMemory ??? ???????? ?????? ????????. (0x12B)
[0730/013117.428:WARNING:pe_image_reader.cc(340)] could not read dos header from C:\WINDOWS\System32\CRYPT32.dll
[0730/013117.428:ERROR:process_memory_win.cc(73)] ReadMemory at 0x7ff8115b0000 of 64 bytes failed: ?????? ReadProcessMemory ??? WriteProcessMemory ??? ???????? ?????? ????????. (0x12B)
[0730/013117.428:WARNING:pe_image_reader.cc(340)] could not read dos header from C:\WINDOWS\SYSTEM32\IPHLPAPI.DLL
[0730/013117.428:ERROR:process_memory_win.cc(73)] ReadMemory at 0x7ff80fed0000 of 64 bytes failed: ?????? ReadProcessMemory ??? WriteProcessMemory ??? ???????? ?????? ????????. (0x12B)
[0730/013117.428:WARNING:pe_image_reader.cc(340)] could not read dos header from C:\WINDOWS\SYSTEM32\WINMM.dll
[0730/013117.428:ERROR:process_memory_win.cc(73)] ReadMemory at 0x7ff8040e0000 of 64 bytes failed: ?????? ReadProcessMemory ??? WriteProcessMemory ??? ???????? ?????? ????????. (0x12B)
[0730/013117.428:WARNING:pe_image_reader.cc(340)] could not read dos header from C:\WINDOWS\SYSTEM32\Secur32.dll
[0730/013117.428:ERROR:process_memory_win.cc(73)] ReadMemory at 0x7ff811f50000 of 64 bytes failed: ?????? ReadProcessMemory ??? WriteProcessMemory ??? ???????? ?????? ????????. (0x12B)
[0730/013117.428:WARNING:pe_image_reader.cc(340)] could not read dos header from C:\WINDOWS\SYSTEM32\USERENV.dll
[0730/013117.428:ERROR:process_memory_win.cc(73)] ReadMemory at 0x7ff812080000 of 64 bytes failed: ?????? ReadProcessMemory ??? WriteProcessMemory ??? ???????? ?????? ????????. (0x12B)
[0730/013117.428:WARNING:pe_image_reader.cc(340)] could not read dos header from C:\WINDOWS\System32\profapi.dll
[0730/013117.428:ERROR:process_memory_win.cc(73)] ReadMemory at 0x7ff800510000 of 64 bytes failed: ?????? ReadProcessMemory ??? WriteProcessMemory ??? ???????? ?????? ????????. (0x12B)
[0730/013117.428:WARNING:pe_image_reader.cc(340)] could not read dos header from C:\WINDOWS\SYSTEM32\DWrite.dll
[0730/013117.428:ERROR:process_memory_win.cc(73)] ReadMemory at 0x7ff807260000 of 64 bytes failed: ?????? ReadProcessMemory ??? WriteProcessMemory ??? ???????? ?????? ????????. (0x12B)
[0730/013117.428:WARNING:pe_image_reader.cc(340)] could not read dos header from C:\WINDOWS\SYSTEM32\WINSPOOL.DRV
[0730/013117.428:ERROR:process_memory_win.cc(73)] ReadMemory at 0x7ff812040000 of 64 bytes failed: ?????? ReadProcessMemory ??? WriteProcessMemory ??? ???????? ?????? ????????. (0x12B)
[0730/013117.428:WARNING:pe_image_reader.cc(340)] could not read dos header from C:\WINDOWS\System32\kernel.appcore.dll
[0730/013117.428:ERROR:process_memory_win.cc(73)] ReadMemory at 0x7ff813100000 of 64 bytes failed: ?????? ReadProcessMemory ??? WriteProcessMemory ??? ???????? ?????? ????????. (0x12B)
[0730/013117.428:WARNING:pe_image_reader.cc(340)] could not read dos header from C:\WINDOWS\System32\bcrypt.dll
[0730/013117.428:ERROR:process_memory_win.cc(73)] ReadMemory at 0x7ff805b40000 of 64 bytes failed: ?????? ReadProcessMemory ??? WriteProcessMemory ??? ???????? ?????? ????????. (0x12B)
[0730/013117.428:WARNING:pe_image_reader.cc(340)] could not read dos header from C:\WINDOWS\SYSTEM32\dbghelp.dll
[0730/013117.428:ERROR:process_memory_win.cc(73)] ReadMemory at 0x7ff8061f0000 of 64 bytes failed: ?????? ReadProcessMemory ??? WriteProcessMemory ??? ???????? ?????? ????????. (0x12B)
[0730/013117.428:WARNING:pe_image_reader.cc(340)] could not read dos header from C:\WINDOWS\SYSTEM32\WINHTTP.dll
[0730/013117.428:ERROR:process_memory_win.cc(73)] ReadMemory at 0x7ff805d50000 of 64 bytes failed: ?????? ReadProcessMemory ??? WriteProcessMemory ??? ???????? ?????? ????????. (0x12B)
[0730/013117.428:WARNING:pe_image_reader.cc(340)] could not read dos header from C:\WINDOWS\SYSTEM32\dhcpcsvc.DLL
[0730/013117.428:ERROR:process_memory_win.cc(73)] ReadMemory at 0x7ff8142b0000 of 64 bytes failed: ?????? ReadProcessMemory ??? WriteProcessMemory ??? ???????? ?????? ????????. (0x12B)
[0730/013117.428:WARNING:pe_image_reader.cc(340)] could not read dos header from C:\WINDOWS\System32\NSI.dll
[0730/013117.428:ERROR:process_memory_win.cc(73)] ReadMemory at 0x7ff80fe90000 of 64 bytes failed: ?????? ReadProcessMemory ??? WriteProcessMemory ??? ???????? ?????? ????????. (0x12B)
[0730/013117.428:WARNING:pe_image_reader.cc(340)] could not read dos header from C:\WINDOWS\SYSTEM32\WINMMBASE.dll
[0730/013117.429:ERROR:process_memory_win.cc(73)] ReadMemory at 0x7ff8122d0000 of 64 bytes failed: ?????? ReadProcessMemory ??? WriteProcessMemory ??? ???????? ?????? ????????. (0x12B)
[0730/013117.429:WARNING:pe_image_reader.cc(340)] could not read dos header from C:\WINDOWS\System32\cfgmgr32.dll
[0730/013117.429:ERROR:process_memory_win.cc(73)] ReadMemory at 0x7ff810af0000 of 64 bytes failed: ?????? ReadProcessMemory ??? WriteProcessMemory ??? ???????? ?????? ????????. (0x12B)
[0730/013117.429:WARNING:pe_image_reader.cc(340)] could not read dos header from C:\WINDOWS\SYSTEM32\PROPSYS.dll
[0730/013117.429:ERROR:process_memory_win.cc(73)] ReadMemory at 0x26888e60000 of 64 bytes failed: ?????? ReadProcessMemory ??? WriteProcessMemory ??? ???????? ?????? ????????. (0x12B)
[0730/013117.429:WARNING:pe_image_reader.cc(340)] could not read dos header from C:\WINDOWS\System32\shcore.dll
[0730/013117.429:ERROR:process_memory_win.cc(73)] ReadMemory at 0x7ff811f20000 of 64 bytes failed: ?????? ReadProcessMemory ??? WriteProcessMemory ??? ???????? ?????? ????????. (0x12B)
[0730/013117.429:WARNING:pe_image_reader.cc(340)] could not read dos header from C:\WINDOWS\SYSTEM32\SSPICLI.DLL
[0730/013117.429:ERROR:process_memory_win.cc(73)] ReadMemory at 0x7ff8132b0000 of 64 bytes failed: ?????? ReadProcessMemory ??? WriteProcessMemory ??? ???????? ?????? ????????. (0x12B)
[0730/013117.429:WARNING:pe_image_reader.cc(340)] could not read dos header from C:\WINDOWS\System32\SHELL32.dll
[0730/013117.429:ERROR:process_memory_win.cc(73)] ReadMemory at 0x7ff812320000 of 64 bytes failed: ?????? ReadProcessMemory ??? WriteProcessMemory ??? ???????? ?????? ????????. (0x12B)
[0730/013117.429:WARNING:pe_image_reader.cc(340)] could not read dos header from C:\WINDOWS\System32\windows.storage.dll
[0730/013117.429:ERROR:process_memory_win.cc(73)] ReadMemory at 0x7ff8120b0000 of 64 bytes failed: ?????? ReadProcessMemory ??? WriteProcessMemory ??? ???????? ?????? ????????. (0x12B)
[0730/013117.429:WARNING:pe_image_reader.cc(340)] could not read dos header from C:\WINDOWS\System32\powrprof.dll
[0730/013117.429:ERROR:process_memory_win.cc(73)] ReadMemory at 0x7ff812030000 of 64 bytes failed: ?????? ReadProcessMemory ??? WriteProcessMemory ??? ???????? ?????? ????????. (0x12B)
[0730/013117.429:WARNING:pe_image_reader.cc(340)] could not read dos header from C:\WINDOWS\System32\UMPDC.dll
[0730/013117.429:ERROR:process_memory_win.cc(73)] ReadMemory at 0x7ff814020000 of 64 bytes failed: ?????? ReadProcessMemory ??? WriteProcessMemory ??? ???????? ?????? ????????. (0x12B)
[0730/013117.429:WARNING:pe_image_reader.cc(340)] could not read dos header from C:\WINDOWS\System32\shlwapi.dll
[0730/013117.429:ERROR:process_memory_win.cc(73)] ReadMemory at 0x7ff813cb0000 of 64 bytes failed: ?????? ReadProcessMemory ??? WriteProcessMemory ??? ???????? ?????? ????????. (0x12B)
[0730/013117.429:WARNING:pe_image_reader.cc(340)] could not read dos header from C:\WINDOWS\System32\GDI32.dll
[0730/013117.429:ERROR:process_memory_win.cc(73)] ReadMemory at 0x7ff8122a0000 of 64 bytes failed: ?????? ReadProcessMemory ??? WriteProcessMemory ??? ???????? ?????? ????????. (0x12B)
[0730/013117.429:WARNING:pe_image_reader.cc(340)] could not read dos header from C:\WINDOWS\System32\win32u.dll
[0730/013117.429:ERROR:process_memory_win.cc(73)] ReadMemory at 0x7ff812100000 of 64 bytes failed: ?????? ReadProcessMemory ??? WriteProcessMemory ??? ???????? ?????? ????????. (0x12B)
[0730/013117.429:WARNING:pe_image_reader.cc(340)] could not read dos header from C:\WINDOWS\System32\gdi32full.dll
[0730/013117.429:ERROR:process_memory_win.cc(73)] ReadMemory at 0x7ff814fa0000 of 64 bytes failed: ?????? ReadProcessMemory ??? WriteProcessMemory ??? ???????? ?????? ????????. (0x12B)
[0730/013117.429:WARNING:pe_image_reader.cc(340)] could not read dos header from C:\WINDOWS\System32\USER32.dll
[0730/013117.429:ERROR:process_memory_win.cc(73)] ReadMemory at 0x7ff812c30000 of 64 bytes failed: ?????? ReadProcessMemory ??? WriteProcessMemory ??? ???????? ?????? ????????. (0x12B)
[0730/013117.429:WARNING:pe_image_reader.cc(340)] could not read dos header from C:\WINDOWS\System32\cryptsp.dll
[0730/013117.429:ERROR:process_memory_win.cc(73)] ReadMemory at 0x7ff8145c0000 of 64 bytes failed: ?????? ReadProcessMemory ??? WriteProcessMemory ??? ???????? ?????? ????????. (0x12B)
[0730/013117.429:WARNING:pe_image_reader.cc(340)] could not read dos header from C:\WINDOWS\System32\IMM32.DLL
[0730/013117.429:ERROR:process_memory_win.cc(73)] ReadMemory at 0x7ff811a70000 of 64 bytes failed: ?????? ReadProcessMemory ??? WriteProcessMemory ??? ???????? ?????? ????????. (0x12B)
[0730/013117.429:WARNING:pe_image_reader.cc(340)] could not read dos header from C:\WINDOWS\SYSTEM32\CRYPTBASE.DLL
[0730/013117.567:ERROR:process_memory_win.cc(73)] ReadMemory at 0xf0807f9000 of 28672 bytes failed: ?????? ReadProcessMemory ??? WriteProcessMemory ??? ???????? ?????? ????????. (0x12B)
[0730/013117.567:ERROR:process_memory_win.cc(73)] ReadMemory at 0xf080ffd000 of 12288 bytes failed: ?????? ReadProcessMemory ??? WriteProcessMemory ??? ???????? ?????? ????????. (0x12B)
[0730/013117.567:ERROR:process_memory_win.cc(73)] ReadMemory at 0xf0817fd000 of 12288 bytes failed: ?????? ReadProcessMemory ??? WriteProcessMemory ??? ???????? ?????? ????????. (0x12B)
[0730/013117.567:ERROR:process_memory_win.cc(73)] ReadMemory at 0xf081ffc000 of 16384 bytes failed: ?????? ReadProcessMemory ??? WriteProcessMemory ??? ???????? ?????? ????????. (0x12B)
[0730/013117.567:ERROR:process_memory_win.cc(73)] ReadMemory at 0xf0827fb000 of 20480 bytes failed: ?????? ReadProcessMemory ??? WriteProcessMemory ??? ???????? ?????? ????????. (0x12B)
[0730/013117.567:ERROR:process_memory_win.cc(73)] ReadMemory at 0xf082ffe000 of 8192 bytes failed: ?????? ReadProcessMemory ??? WriteProcessMemory ??? ???????? ?????? ????????. (0x12B)
[0730/013117.567:ERROR:process_memory_win.cc(73)] ReadMemory at 0xf0837fd000 of 12288 bytes failed: ?????? ReadProcessMemory ??? WriteProcessMemory ??? ???????? ?????? ????????. (0x12B)
[0730/013117.567:ERROR:process_memory_win.cc(73)] ReadMemory at 0xf083ffc000 of 16384 bytes failed: ?????? ReadProcessMemory ??? WriteProcessMemory ??? ???????? ?????? ????????. (0x12B)
[0730/013117.567:ERROR:process_memory_win.cc(73)] ReadMemory at 0xf0847fd000 of 12288 bytes failed: ?????? ReadProcessMemory ??? WriteProcessMemory ??? ???????? ?????? ????????. (0x12B)
[0730/013117.568:ERROR:process_memory_win.cc(73)] ReadMemory at 0xf084ffd000 of 12288 bytes failed: ?????? ReadProcessMemory ??? WriteProcessMemory ??? ???????? ?????? ????????. (0x12B)
[0730/013117.568:ERROR:process_memory_win.cc(73)] ReadMemory at 0xf0857fd000 of 12288 bytes failed: ?????? ReadProcessMemory ??? WriteProcessMemory ??? ???????? ?????? ????????. (0x12B)
[0730/013117.568:ERROR:process_memory_win.cc(73)] ReadMemory at 0xf085ffd000 of 12288 bytes failed: ?????? ReadProcessMemory ??? WriteProcessMemory ??? ???????? ?????? ????????. (0x12B)
[0730/013117.568:ERROR:process_memory_win.cc(73)] ReadMemory at 0xf0867fd000 of 12288 bytes failed: ?????? ReadProcessMemory ??? WriteProcessMemory ??? ???????? ?????? ????????. (0x12B)
[0730/013117.568:ERROR:process_memory_win.cc(73)] ReadMemory at 0xf0fff80000 of 852 bytes failed: ?????? ReadProcessMemory ??? WriteProcessMemory ??? ???????? ?????? ????????. (0x12B)
[0730/013117.568:ERROR:process_memory_win.cc(73)] ReadMemory at 0xf0fff81000 of 6024 bytes failed: ?????? ReadProcessMemory ??? WriteProcessMemory ??? ???????? ?????? ????????. (0x12B)
[0730/013117.568:ERROR:process_memory_win.cc(73)] ReadMemory at 0xf0fff83000 of 6024 bytes failed: ?????? ReadProcessMemory ??? WriteProcessMemory ??? ???????? ?????? ????????. (0x12B)
[0730/013117.568:ERROR:process_memory_win.cc(73)] ReadMemory at 0xf0fff85000 of 6024 bytes failed: ?????? ReadProcessMemory ??? WriteProcessMemory ??? ???????? ?????? ????????. (0x12B)
[0730/013117.568:ERROR:process_memory_win.cc(73)] ReadMemory at 0xf0fff87000 of 6024 bytes failed: ?????? ReadProcessMemory ??? WriteProcessMemory ??? ???????? ?????? ????????. (0x12B)
[0730/013117.568:ERROR:process_memory_win.cc(73)] ReadMemory at 0xf0fff89000 of 6024 bytes failed: ?????? ReadProcessMemory ??? WriteProcessMemory ??? ???????? ?????? ????????. (0x12B)
[0730/013117.568:ERROR:process_memory_win.cc(73)] ReadMemory at 0xf0fff8b000 of 6024 bytes failed: ?????? ReadProcessMemory ??? WriteProcessMemory ??? ???????? ?????? ????????. (0x12B)
[0730/013117.568:ERROR:process_memory_win.cc(73)] ReadMemory at 0xf0fff8d000 of 6024 bytes failed: ?????? ReadProcessMemory ??? WriteProcessMemory ??? ???????? ?????? ????????. (0x12B)
[0730/013117.568:ERROR:process_memory_win.cc(73)] ReadMemory at 0xf0fff8f000 of 6024 bytes failed: ?????? ReadProcessMemory ??? WriteProcessMemory ??? ???????? ?????? ????????. (0x12B)
[0730/013117.568:ERROR:process_memory_win.cc(73)] ReadMemory at 0xf0fff91000 of 6024 bytes failed: ?????? ReadProcessMemory ??? WriteProcessMemory ??? ???????? ?????? ????????. (0x12B)
[0730/013117.568:ERROR:process_memory_win.cc(73)] ReadMemory at 0xf0fff93000 of 6024 bytes failed: ?????? ReadProcessMemory ??? WriteProcessMemory ??? ???????? ?????? ????????. (0x12B)
[0730/013117.569:ERROR:process_memory_win.cc(73)] ReadMemory at 0xf0fff95000 of 6024 bytes failed: ?????? ReadProcessMemory ??? WriteProcessMemory ??? ???????? ?????? ????????. (0x12B)
[0730/013117.569:ERROR:process_memory_win.cc(73)] ReadMemory at 0xf0fff97000 of 6024 bytes failed: ?????? ReadProcessMemory ??? WriteProcessMemory ??? ???????? ?????? ????????. (0x12B)
[0730/013117.569:ERROR:process_memory_win.cc(73)] ReadMemory at 0xf0fff99000 of 6024 bytes failed: ?????? ReadProcessMemory ??? WriteProcessMemory ??? ???????? ?????? ????????. (0x12B)
[0730/013117.569:ERROR:process_memory_win.cc(73)] ReadMemory at 0x26888cd0c40 of 512 bytes failed: ?????? ReadProcessMemory ??? WriteProcessMemory ??? ???????? ?????? ????????. (0x12B)
[0730/013117.569:ERROR:process_memory_win.cc(73)] ReadMemory at 0x26888cd1e40 of 512 bytes failed: ?????? ReadProcessMemory ??? WriteProcessMemory ??? ???????? ?????? ????????. (0x12B)
[0730/013117.569:ERROR:process_memory_win.cc(73)] ReadMemory at 0x26888cd2440 of 512 bytes failed: ?????? ReadProcessMemory ??? WriteProcessMemory ??? ???????? ?????? ????????. (0x12B)
[0730/013117.569:ERROR:process_memory_win.cc(73)] ReadMemory at 0x26888d60000 of 384 bytes failed: ?????? ReadProcessMemory ??? WriteProcessMemory ??? ???????? ?????? ????????. (0x12B)
[0730/013117.569:ERROR:process_memory_win.cc(73)] ReadMemory at 0x26888d60fe0 of 7658 bytes failed: ?????? ReadProcessMemory ??? WriteProcessMemory ??? ???????? ?????? ????????. (0x12B)
[0730/013117.569:ERROR:process_memory_win.cc(73)] ReadMemory at 0x26888d62de0 of 1012 bytes failed: ?????? ReadProcessMemory ??? WriteProcessMemory ??? ???????? ?????? ????????. (0x12B)
[0730/013117.569:ERROR:process_memory_win.cc(73)] ReadMemory at 0x26888d63428 of 118 bytes failed: ?????? ReadProcessMemory ??? WriteProcessMemory ??? ???????? ?????? ????????. (0x12B)
[0730/013117.569:ERROR:process_memory_win.cc(73)] ReadMemory at 0x26888d634a0 of 1176 bytes failed: ?????? ReadProcessMemory ??? WriteProcessMemory ??? ???????? ?????? ????????. (0x12B)
[0730/013117.569:ERROR:process_memory_win.cc(73)] ReadMemory at 0x26888d6393a of 118 bytes failed: ?????? ReadProcessMemory ??? WriteProcessMemory ??? ???????? ?????? ????????. (0x12B)
[0730/013117.569:ERROR:process_memory_win.cc(73)] ReadMemory at 0x26888d639b2 of 96 bytes failed: ?????? ReadProcessMemory ??? WriteProcessMemory ??? ???????? ?????? ????????. (0x12B)
[0730/013117.569:ERROR:process_memory_win.cc(73)] ReadMemory at 0x26888d63a20 of 58 bytes failed: ?????? ReadProcessMemory ??? WriteProcessMemory ??? ???????? ?????? ????????. (0x12B)
[0730/013117.570:ERROR:process_memory_win.cc(73)] ReadMemory at 0x26888d63b20 of 132 bytes failed: ?????? ReadProcessMemory ??? WriteProcessMemory ??? ???????? ?????? ????????. (0x12B)
[0730/013117.570:ERROR:process_memory_win.cc(73)] ReadMemory at 0x26888d63cb0 of 132 bytes failed: ?????? ReadProcessMemory ??? WriteProcessMemory ??? ???????? ?????? ????????. (0x12B)
[0730/013117.570:ERROR:process_memory_win.cc(73)] ReadMemory at 0x26888d63e70 of 126 bytes failed: ?????? ReadProcessMemory ??? WriteProcessMemory ??? ???????? ?????? ????????. (0x12B)
[0730/013117.570:ERROR:process_memory_win.cc(73)] ReadMemory at 0x26888d64250 of 132 bytes failed: ?????? ReadProcessMemory ??? WriteProcessMemory ??? ???????? ?????? ????????. (0x12B)
[0730/013117.570:ERROR:process_memory_win.cc(73)] ReadMemory at 0x26888d643e0 of 64 bytes failed: ?????? ReadProcessMemory ??? WriteProcessMemory ??? ???????? ?????? ????????. (0x12B)
[0730/013117.570:ERROR:process_memory_win.cc(73)] ReadMemory at 0x26888d645a0 of 132 bytes failed: ?????? ReadProcessMemory ??? WriteProcessMemory ??? ???????? ?????? ????????. (0x12B)
[0730/013117.570:ERROR:process_memory_win.cc(73)] ReadMemory at 0x26888d64840 of 132 bytes failed: ?????? ReadProcessMemory ??? WriteProcessMemory ??? ???????? ?????? ????????. (0x12B)
[0730/013117.570:ERROR:process_memory_win.cc(73)] ReadMemory at 0x26888d649d0 of 68 bytes failed: ?????? ReadProcessMemory ??? WriteProcessMemory ??? ???????? ?????? ????????. (0x12B)
[0730/013117.570:ERROR:process_memory_win.cc(73)] ReadMemory at 0x26888d65b70 of 132 bytes failed: ?????? ReadProcessMemory ??? WriteProcessMemory ??? ???????? ?????? ????????. (0x12B)
[0730/013117.570:ERROR:process_memory_win.cc(73)] ReadMemory at 0x26888d65d00 of 154 bytes failed: ?????? ReadProcessMemory ??? WriteProcessMemory ??? ???????? ?????? ????????. (0x12B)
[0730/013117.570:ERROR:process_memory_win.cc(73)] ReadMemory at 0x26888d66bd0 of 62 bytes failed: ?????? ReadProcessMemory ??? WriteProcessMemory ??? ???????? ?????? ????????. (0x12B)
[0730/013117.570:ERROR:process_memory_win.cc(73)] ReadMemory at 0x26888d66d30 of 132 bytes failed: ?????? ReadProcessMemory ??? WriteProcessMemory ??? ???????? ?????? ????????. (0x12B)
[0730/013117.570:ERROR:process_memory_win.cc(73)] ReadMemory at 0x26888d66ec0 of 60 bytes failed: ?????? ReadProcessMemory ??? WriteProcessMemory ??? ???????? ?????? ????????. (0x12B)
[0730/013117.570:ERROR:process_memory_win.cc(73)] ReadMemory at 0x26888d6ce40 of 54 bytes failed: ?????? ReadProcessMemory ??? WriteProcessMemory ??? ???????? ?????? ????????. (0x12B)
[0730/013117.570:ERROR:process_memory_win.cc(73)] ReadMemory at 0x26888d6dca0 of 62 bytes failed: ?????? ReadProcessMemory ??? WriteProcessMemory ??? ???????? ?????? ????????. (0x12B)
[0730/013117.570:ERROR:process_memory_win.cc(73)] ReadMemory at 0x26888d6e060 of 60 bytes failed: ?????? ReadProcessMemory ??? WriteProcessMemory ??? ???????? ?????? ????????. (0x12B)
[0730/013117.570:ERROR:process_memory_win.cc(73)] ReadMemory at 0x26888d70b40 of 80 bytes failed: ?????? ReadProcessMemory ??? WriteProcessMemory ??? ???????? ?????? ????????. (0x12B)
[0730/013117.570:ERROR:process_memory_win.cc(73)] ReadMemory at 0x26888d74370 of 132 bytes failed: ?????? ReadProcessMemory ??? WriteProcessMemory ??? ???????? ?????? ????????. (0x12B)
[0730/013117.570:ERROR:process_memory_win.cc(73)] ReadMemory at 0x26888d74e60 of 132 bytes failed: ?????? ReadProcessMemory ??? WriteProcessMemory ??? ???????? ?????? ????????. (0x12B)
[0730/013117.571:ERROR:process_memory_win.cc(73)] ReadMemory at 0x26888d755f0 of 132 bytes failed: ?????? ReadProcessMemory ??? WriteProcessMemory ??? ???????? ?????? ????????. (0x12B)
[0730/013117.571:ERROR:process_memory_win.cc(73)] ReadMemory at 0x26888d75720 of 132 bytes failed: ?????? ReadProcessMemory ??? WriteProcessMemory ??? ???????? ?????? ????????. (0x12B)
[0730/013117.571:ERROR:process_memory_win.cc(73)] ReadMemory at 0x26888d75910 of 132 bytes failed: ?????? ReadProcessMemory ??? WriteProcessMemory ??? ???????? ?????? ????????. (0x12B)
[0730/013117.571:ERROR:process_memory_win.cc(73)] ReadMemory at 0x26888d76360 of 132 bytes failed: ?????? ReadProcessMemory ??? WriteProcessMemory ??? ???????? ?????? ????????. (0x12B)
[0730/013117.571:ERROR:process_memory_win.cc(73)] ReadMemory at 0x26888d76580 of 132 bytes failed: ?????? ReadProcessMemory ??? WriteProcessMemory ??? ???????? ?????? ????????. (0x12B)
[0730/013117.571:ERROR:process_memory_win.cc(73)] ReadMemory at 0x26888d79510 of 132 bytes failed: ?????? ReadProcessMemory ??? WriteProcessMemory ??? ???????? ?????? ????????. (0x12B)
[0730/013117.571:ERROR:process_memory_win.cc(73)] ReadMemory at 0x26888d79640 of 132 bytes failed: ?????? ReadProcessMemory ??? WriteProcessMemory ??? ???????? ?????? ????????. (0x12B)
[0730/013117.571:ERROR:process_memory_win.cc(73)] ReadMemory at 0x26888d79770 of 132 bytes failed: ?????? ReadProcessMemory ??? WriteProcessMemory ??? ???????? ?????? ????????. (0x12B)
[0730/013117.571:ERROR:process_memory_win.cc(73)] ReadMemory at 0x26888d798a0 of 132 bytes failed: ?????? ReadProcessMemory ??? WriteProcessMemory ??? ???????? ?????? ????????. (0x12B)
[0730/013117.571:ERROR:process_memory_win.cc(73)] ReadMemory at 0x26888d799d0 of 132 bytes failed: ?????? ReadProcessMemory ??? WriteProcessMemory ??? ???????? ?????? ????????. (0x12B)
[0730/013117.571:ERROR:process_memory_win.cc(73)] ReadMemory at 0x26888d79b00 of 132 bytes failed: ?????? ReadProcessMemory ??? WriteProcessMemory ??? ???????? ?????? ????????. (0x12B)
[0730/013117.571:ERROR:process_memory_win.cc(73)] ReadMemory at 0x26888d79d20 of 64 bytes failed: ?????? ReadProcessMemory ??? WriteProcessMemory ??? ???????? ?????? ????????. (0x12B)
[0730/013117.571:ERROR:process_memory_win.cc(73)] ReadMemory at 0x26888d79e10 of 62 bytes failed: ?????? ReadProcessMemory ??? WriteProcessMemory ??? ???????? ?????? ????????. (0x12B)
[0730/013117.571:ERROR:process_memory_win.cc(73)] ReadMemory at 0x26888d79ff0 of 64 bytes failed: ?????? ReadProcessMemory ??? WriteProcessMemory ??? ???????? ?????? ????????. (0x12B)
[0730/013117.571:ERROR:process_memory_win.cc(73)] ReadMemory at 0x26888d7a090 of 60 bytes failed: ?????? ReadProcessMemory ??? WriteProcessMemory ??? ???????? ?????? ????????. (0x12B)
[0730/013117.571:ERROR:process_memory_win.cc(73)] ReadMemory at 0x26888d7a0e0 of 64 bytes failed: ?????? ReadProcessMemory ??? WriteProcessMemory ??? ???????? ?????? ????????. (0x12B)
[0730/013117.571:ERROR:process_memory_win.cc(73)] ReadMemory at 0x26888d7a130 of 60 bytes failed: ?????? ReadProcessMemory ??? WriteProcessMemory ??? ???????? ?????? ????????. (0x12B)
[0730/013117.571:ERROR:process_memory_win.cc(73)] ReadMemory at 0x26888d7a1d0 of 62 bytes failed: ?????? ReadProcessMemory ??? WriteProcessMemory ??? ???????? ?????? ????????. (0x12B)
[0730/013117.571:ERROR:process_memory_win.cc(73)] ReadMemory at 0x26888d7a220 of 60 bytes failed: ?????? ReadProcessMemory ??? WriteProcessMemory ??? ???????? ?????? ????????. (0x12B)
[0730/013117.572:ERROR:process_memory_win.cc(73)] ReadMemory at 0x26888d7a270 of 60 bytes failed: ?????? ReadProcessMemory ??? WriteProcessMemory ??? ???????? ?????? ????????. (0x12B)
[0730/013117.572:ERROR:process_memory_win.cc(73)] ReadMemory at 0x26888d7a2c0 of 62 bytes failed: ?????? ReadProcessMemory ??? WriteProcessMemory ??? ???????? ?????? ????????. (0x12B)
[0730/013117.572:ERROR:process_memory_win.cc(73)] ReadMemory at 0x26888d7a310 of 64 bytes failed: ?????? ReadProcessMemory ??? WriteProcessMemory ??? ???????? ?????? ????????. (0x12B)
[0730/013117.572:ERROR:process_memory_win.cc(73)] ReadMemory at 0x26888d7a3b0 of 58 bytes failed: ?????? ReadProcessMemory ??? WriteProcessMemory ??? ???????? ?????? ????????. (0x12B)
[0730/013117.572:ERROR:process_memory_win.cc(73)] ReadMemory at 0x26888d7a400 of 66 bytes failed: ?????? ReadProcessMemory ??? WriteProcessMemory ??? ???????? ?????? ????????. (0x12B)
[0730/013117.572:ERROR:process_memory_win.cc(73)] ReadMemory at 0x26888d7a450 of 62 bytes failed: ?????? ReadProcessMemory ??? WriteProcessMemory ??? ???????? ?????? ????????. (0x12B)
[0730/013117.572:ERROR:process_memory_win.cc(73)] ReadMemory at 0x26888d7a4a0 of 64 bytes failed: ?????? ReadProcessMemory ??? WriteProcessMemory ??? ???????? ?????? ????????. (0x12B)
[0730/013117.572:ERROR:process_memory_win.cc(73)] ReadMemory at 0x26888d7a4f0 of 62 bytes failed: ?????? ReadProcessMemory ??? WriteProcessMemory ??? ???????? ?????? ????????. (0x12B)
[0730/013117.572:ERROR:process_memory_win.cc(73)] ReadMemory at 0x26888d7a540 of 64 bytes failed: ?????? ReadProcessMemory ??? WriteProcessMemory ??? ???????? ?????? ????????. (0x12B)
[0730/013117.572:ERROR:process_memory_win.cc(73)] ReadMemory at 0x26888d7a720 of 64 bytes failed: ?????? ReadProcessMemory ??? WriteProcessMemory ??? ???????? ?????? ????????. (0x12B)
[0730/013117.572:ERROR:process_memory_win.cc(73)] ReadMemory at 0x26888d7a7c0 of 62 bytes failed: ?????? ReadProcessMemory ??? WriteProcessMemory ??? ???????? ?????? ????????. (0x12B)
[0730/013117.572:ERROR:process_memory_win.cc(73)] ReadMemory at 0x26888d7a8b0 of 62 bytes failed: ?????? ReadProcessMemory ??? WriteProcessMemory ??? ???????? ?????? ????????. (0x12B)
[0730/013117.572:ERROR:process_memory_win.cc(73)] ReadMemory at 0x26888d7a900 of 64 bytes failed: ?????? ReadProcessMemory ??? WriteProcessMemory ??? ???????? ?????? ????????. (0x12B)
[0730/013117.572:ERROR:process_memory_win.cc(73)] ReadMemory at 0x26888d7a950 of 62 bytes failed: ?????? ReadProcessMemory ??? WriteProcessMemory ??? ???????? ?????? ????????. (0x12B)
[0730/013117.572:ERROR:process_memory_win.cc(73)] ReadMemory at 0x26888d7a9f0 of 62 bytes failed: ?????? ReadProcessMemory ??? WriteProcessMemory ??? ???????? ?????? ????????. (0x12B)
[0730/013117.572:ERROR:process_memory_win.cc(73)] ReadMemory at 0x26888d7ab80 of 60 bytes failed: ?????? ReadProcessMemory ??? WriteProcessMemory ??? ???????? ?????? ????????. (0x12B)
[0730/013117.572:ERROR:process_memory_win.cc(73)] ReadMemory at 0x26888d7abd0 of 66 bytes failed: ?????? ReadProcessMemory ??? WriteProcessMemory ??? ???????? ?????? ????????. (0x12B)
[0730/013117.572:ERROR:process_memory_win.cc(73)] ReadMemory at 0x26888d7b720 of 132 bytes failed: ?????? ReadProcessMemory ??? WriteProcessMemory ??? ???????? ?????? ????????. (0x12B)
[0730/013117.572:ERROR:process_memory_win.cc(73)] ReadMemory at 0x26888d7f060 of 132 bytes failed: ?????? ReadProcessMemory ??? WriteProcessMemory ??? ???????? ?????? ????????. (0x12B)
[0730/013117.573:ERROR:process_memory_win.cc(73)] ReadMemory at 0x26888d7f270 of 132 bytes failed: ?????? ReadProcessMemory ??? WriteProcessMemory ??? ???????? ?????? ????????. (0x12B)
[0730/013117.573:ERROR:process_memory_win.cc(73)] ReadMemory at 0x26888d806b0 of 146 bytes failed: ?????? ReadProcessMemory ??? WriteProcessMemory ??? ???????? ?????? ????????. (0x12B)
[0730/013117.573:ERROR:process_memory_win.cc(73)] ReadMemory at 0x26888d82750 of 132 bytes failed: ?????? ReadProcessMemory ??? WriteProcessMemory ??? ???????? ?????? ????????. (0x12B)
[0730/013117.573:ERROR:process_memory_win.cc(73)] ReadMemory at 0x26888d82880 of 132 bytes failed: ?????? ReadProcessMemory ??? WriteProcessMemory ??? ???????? ?????? ????????. (0x12B)
[0730/013117.573:ERROR:process_memory_win.cc(73)] ReadMemory at 0x26888d829b0 of 132 bytes failed: ?????? ReadProcessMemory ??? WriteProcessMemory ??? ???????? ?????? ????????. (0x12B)
[0730/013117.573:ERROR:process_memory_win.cc(73)] ReadMemory at 0x26888d82ae0 of 132 bytes failed: ?????? ReadProcessMemory ??? WriteProcessMemory ??? ???????? ?????? ????????. (0x12B)
[0730/013117.573:ERROR:process_memory_win.cc(73)] ReadMemory at 0x26888d82c10 of 132 bytes failed: ?????? ReadProcessMemory ??? WriteProcessMemory ??? ???????? ?????? ????????. (0x12B)
[0730/013117.573:ERROR:process_memory_win.cc(73)] ReadMemory at 0x26888d82d40 of 132 bytes failed: ?????? ReadProcessMemory ??? WriteProcessMemory ??? ???????? ?????? ????????. (0x12B)
[0730/013117.573:ERROR:process_memory_win.cc(73)] ReadMemory at 0x26888d82e70 of 132 bytes failed: ?????? ReadProcessMemory ??? WriteProcessMemory ??? ???????? ?????? ????????. (0x12B)
[0730/013117.573:ERROR:process_memory_win.cc(73)] ReadMemory at 0x26888d82fa0 of 132 bytes failed: ?????? ReadProcessMemory ??? WriteProcessMemory ??? ???????? ?????? ????????. (0x12B)
[0730/013117.573:ERROR:process_memory_win.cc(73)] ReadMemory at 0x26888d830d0 of 132 bytes failed: ?????? ReadProcessMemory ??? WriteProcessMemory ??? ???????? ?????? ????????. (0x12B)
[0730/013117.573:ERROR:process_memory_win.cc(73)] ReadMemory at 0x26888d83200 of 132 bytes failed: ?????? ReadProcessMemory ??? WriteProcessMemory ??? ???????? ?????? ????????. (0x12B)
[0730/013117.573:ERROR:process_memory_win.cc(73)] ReadMemory at 0x26888d83330 of 132 bytes failed: ?????? ReadProcessMemory ??? WriteProcessMemory ??? ???????? ?????? ????????. (0x12B)
[0730/013117.573:ERROR:process_memory_win.cc(73)] ReadMemory at 0x26888d83460 of 132 bytes failed: ?????? ReadProcessMemory ??? WriteProcessMemory ??? ???????? ?????? ????????. (0x12B)
[0730/013117.573:ERROR:process_memory_win.cc(73)] ReadMemory at 0x26888d83590 of 132 bytes failed: ?????? ReadProcessMemory ??? WriteProcessMemory ??? ???????? ?????? ????????. (0x12B)
[0730/013117.573:ERROR:process_memory_win.cc(73)] ReadMemory at 0x26888d836c0 of 132 bytes failed: ?????? ReadProcessMemory ??? WriteProcessMemory ??? ???????? ?????? ????????. (0x12B)
[0730/013117.573:ERROR:process_memory_win.cc(73)] ReadMemory at 0x26888d837f0 of 132 bytes failed: ?????? ReadProcessMemory ??? WriteProcessMemory ??? ???????? ?????? ????????. (0x12B)
[0730/013117.573:ERROR:process_memory_win.cc(73)] ReadMemory at 0x26888d83920 of 132 bytes failed: ?????? ReadProcessMemory ??? WriteProcessMemory ??? ???????? ?????? ????????. (0x12B)
[0730/013117.574:ERROR:process_memory_win.cc(73)] ReadMemory at 0x26888d83a50 of 132 bytes failed: ?????? ReadProcessMemory ??? WriteProcessMemory ??? ???????? ?????? ????????. (0x12B)
[0730/013117.574:ERROR:process_memory_win.cc(73)] ReadMemory at 0x26888d83b80 of 132 bytes failed: ?????? ReadProcessMemory ??? WriteProcessMemory ??? ???????? ?????? ????????. (0x12B)
[0730/013117.574:ERROR:process_memory_win.cc(73)] ReadMemory at 0x26888d83cb0 of 132 bytes failed: ?????? ReadProcessMemory ??? WriteProcessMemory ??? ???????? ?????? ????????. (0x12B)
[0730/013117.574:ERROR:process_memory_win.cc(73)] ReadMemory at 0x26888d83de0 of 132 bytes failed: ?????? ReadProcessMemory ??? WriteProcessMemory ??? ???????? ?????? ????????. (0x12B)
[0730/013117.574:ERROR:process_memory_win.cc(73)] ReadMemory at 0x26888d83f10 of 132 bytes failed: ?????? ReadProcessMemory ??? WriteProcessMemory ??? ???????? ?????? ????????. (0x12B)
[0730/013117.574:ERROR:process_memory_win.cc(73)] ReadMemory at 0x26888d84040 of 132 bytes failed: ?????? ReadProcessMemory ??? WriteProcessMemory ??? ???????? ?????? ????????. (0x12B)
[0730/013117.574:ERROR:process_memory_win.cc(73)] ReadMemory at 0x26888d84170 of 132 bytes failed: ?????? ReadProcessMemory ??? WriteProcessMemory ??? ???????? ?????? ????????. (0x12B)
[0730/013117.574:ERROR:process_memory_win.cc(73)] ReadMemory at 0x26888d842a0 of 132 bytes failed: ?????? ReadProcessMemory ??? WriteProcessMemory ??? ???????? ?????? ????????. (0x12B)
[0730/013117.574:ERROR:process_memory_win.cc(73)] ReadMemory at 0x26888d843d0 of 132 bytes failed: ?????? ReadProcessMemory ??? WriteProcessMemory ??? ???????? ?????? ????????. (0x12B)
[0730/013117.574:ERROR:process_memory_win.cc(73)] ReadMemory at 0x26888d84500 of 132 bytes failed: ?????? ReadProcessMemory ??? WriteProcessMemory ??? ???????? ?????? ????????. (0x12B)
[0730/013117.574:ERROR:process_memory_win.cc(73)] ReadMemory at 0x26888d848e0 of 80 bytes failed: ?????? ReadProcessMemory ??? WriteProcessMemory ??? ???????? ?????? ????????. (0x12B)
[0730/013117.574:ERROR:process_memory_win.cc(73)] ReadMemory at 0x26888d84c40 of 76 bytes failed: ?????? ReadProcessMemory ??? WriteProcessMemory ??? ???????? ?????? ????????. (0x12B)
[0730/013117.574:ERROR:process_memory_win.cc(73)] ReadMemory at 0x26888d90c50 of 512 bytes failed: ?????? ReadProcessMemory ??? WriteProcessMemory ??? ???????? ?????? ????????. (0x12B)
[0730/013117.574:ERROR:process_memory_win.cc(73)] ReadMemory at 0x26888da1320 of 78 bytes failed: ?????? ReadProcessMemory ??? WriteProcessMemory ??? ???????? ?????? ????????. (0x12B)
[0730/013117.574:ERROR:process_memory_win.cc(73)] ReadMemory at 0x26888da9960 of 58 bytes failed: ?????? ReadProcessMemory ??? WriteProcessMemory ??? ???????? ?????? ????????. (0x12B)
[0730/013117.574:ERROR:process_memory_win.cc(73)] ReadMemory at 0x26888da9be0 of 58 bytes failed: ?????? ReadProcessMemory ??? WriteProcessMemory ??? ???????? ?????? ????????. (0x12B)
[0730/013117.574:ERROR:process_memory_win.cc(73)] ReadMemory at 0x26888da9dc0 of 62 bytes failed: ?????? ReadProcessMemory ??? WriteProcessMemory ??? ???????? ?????? ????????. (0x12B)
[0730/013117.574:ERROR:process_memory_win.cc(73)] ReadMemory at 0x26888da9f00 of 60 bytes failed: ?????? ReadProcessMemory ??? WriteProcessMemory ??? ???????? ?????? ????????. (0x12B)
[0730/013117.574:ERROR:process_memory_win.cc(73)] ReadMemory at 0x26888da9f50 of 66 bytes failed: ?????? ReadProcessMemory ??? WriteProcessMemory ??? ???????? ?????? ????????. (0x12B)
[0730/013117.575:ERROR:process_memory_win.cc(73)] ReadMemory at 0x26888daa0e0 of 62 bytes failed: ?????? ReadProcessMemory ??? WriteProcessMemory ??? ???????? ?????? ????????. (0x12B)
[0730/013117.575:ERROR:process_memory_win.cc(73)] ReadMemory at 0x26888daa4f0 of 58 bytes failed: ?????? ReadProcessMemory ??? WriteProcessMemory ??? ???????? ?????? ????????. (0x12B)
[0730/013117.575:ERROR:process_memory_win.cc(73)] ReadMemory at 0x26888daa770 of 62 bytes failed: ?????? ReadProcessMemory ??? WriteProcessMemory ??? ???????? ?????? ????????. (0x12B)
[0730/013117.575:ERROR:process_memory_win.cc(73)] ReadMemory at 0x26888daa7c0 of 64 bytes failed: ?????? ReadProcessMemory ??? WriteProcessMemory ??? ???????? ?????? ????????. (0x12B)
[0730/013117.575:ERROR:process_memory_win.cc(73)] ReadMemory at 0x26888daa810 of 60 bytes failed: ?????? ReadProcessMemory ??? WriteProcessMemory ??? ???????? ?????? ????????. (0x12B)
[0730/013117.575:ERROR:process_memory_win.cc(73)] ReadMemory at 0x26888db67c0 of 132 bytes failed: ?????? ReadProcessMemory ??? WriteProcessMemory ??? ???????? ?????? ????????. (0x12B)
[0730/013117.575:ERROR:process_memory_win.cc(73)] ReadMemory at 0x26888dcab10 of 512 bytes failed: ?????? ReadProcessMemory ??? WriteProcessMemory ??? ???????? ?????? ????????. (0x12B)
[0730/013117.575:ERROR:process_memory_win.cc(73)] ReadMemory at 0x26888dd9350 of 512 bytes failed: ?????? ReadProcessMemory ??? WriteProcessMemory ??? ???????? ?????? ????????. (0x12B)
[0730/013117.575:ERROR:process_memory_win.cc(73)] ReadMemory at 0x26888dec150 of 512 bytes failed: ?????? ReadProcessMemory ??? WriteProcessMemory ??? ???????? ?????? ????????. (0x12B)
[0730/013117.575:ERROR:process_memory_win.cc(73)] ReadMemory at 0x26888dfd640 of 512 bytes failed: ?????? ReadProcessMemory ??? WriteProcessMemory ??? ???????? ?????? ????????. (0x12B)
[0730/013117.575:ERROR:process_memory_win.cc(73)] ReadMemory at 0x26888e00430 of 512 bytes failed: ?????? ReadProcessMemory ??? WriteProcessMemory ??? ???????? ?????? ????????. (0x12B)
[0730/013117.575:ERROR:process_memory_win.cc(73)] ReadMemory at 0x26888e0a240 of 512 bytes failed: ?????? ReadProcessMemory ??? WriteProcessMemory ??? ???????? ?????? ????????. (0x12B)
[0730/013117.575:ERROR:process_memory_win.cc(73)] ReadMemory at 0x26888e19200 of 712 bytes failed: ?????? ReadProcessMemory ??? WriteProcessMemory ??? ???????? ?????? ????????. (0x12B)
[0730/013117.575:ERROR:process_memory_win.cc(73)] ReadMemory at 0x26888e54330 of 512 bytes failed: ?????? ReadProcessMemory ??? WriteProcessMemory ??? ???????? ?????? ????????. (0x12B)
[0730/013117.575:ERROR:process_memory_win.cc(73)] ReadMemory at 0x2688a860000 of 384 bytes failed: ?????? ReadProcessMemory ??? WriteProcessMemory ??? ???????? ?????? ????????. (0x12B)
[0730/013117.575:ERROR:process_memory_win.cc(73)] ReadMemory at 0x2688a9d9cf0 of 512 bytes failed: ?????? ReadProcessMemory ??? WriteProcessMemory ??? ???????? ?????? ????????. (0x12B)
[0730/013117.575:ERROR:process_memory_win.cc(73)] ReadMemory at 0x7ff812e8a719 of 512 bytes failed: ?????? ReadProcessMemory ??? WriteProcessMemory ??? ???????? ?????? ????????. (0x12B)
[0730/013117.576:ERROR:process_memory_win.cc(73)] ReadMemory at 0x7ff8130bc720 of 512 bytes failed: ?????? ReadProcessMemory ??? WriteProcessMemory ??? ???????? ?????? ????????. (0x12B)
[0730/013117.576:ERROR:process_memory_win.cc(73)] ReadMemory at 0x7ff81521c074 of 672 bytes failed: ?????? ReadProcessMemory ??? WriteProcessMemory ??? ???????? ?????? ????????. (0x12B)
[0730/013117.576:ERROR:process_memory_win.cc(73)] ReadMemory at 0x7ff81521c674 of 512 bytes failed: ?????? ReadProcessMemory ??? WriteProcessMemory ??? ???????? ?????? ????????. (0x12B)
[0730/013117.576:ERROR:process_memory_win.cc(73)] ReadMemory at 0x7ff81521f924 of 608 bytes failed: ?????? ReadProcessMemory ??? WriteProcessMemory ??? ???????? ?????? ????????. (0x12B)
[0730/013117.576:ERROR:process_memory_win.cc(73)] ReadMemory at 0x7ff8152ac428 of 18 bytes failed: ?????? ReadProcessMemory ??? WriteProcessMemory ??? ???????? ?????? ????????. (0x12B)
[0730/013117.576:ERROR:process_memory_win.cc(73)] ReadMemory at 0x7ff8152df4f8 of 40 bytes failed: ?????? ReadProcessMemory ??? WriteProcessMemory ??? ???????? ?????? ????????. (0x12B)
[0730/013117.576:ERROR:process_memory_win.cc(73)] ReadMemory at 0x7ff8152df978 of 48 bytes failed: ?????? ReadProcessMemory ??? WriteProcessMemory ??? ???????? ?????? ????????. (0x12B)
[0730/013117.576:ERROR:process_memory_win.cc(73)] ReadMemory at 0x7ff8152e53c0 of 64 bytes failed: ?????? ReadProcessMemory ??? WriteProcessMemory ??? ???????? ?????? ????????. (0x12B)
[0730/013117.576:ERROR:process_memory_win.cc(73)] ReadMemory at 0x7fffcdb5c834 of 512 bytes failed: ?????? ReadProcessMemory ??? WriteProcessMemory ??? ???????? ?????? ????????. (0x12B)
[0730/013117.576:ERROR:process_memory_win.cc(73)] ReadMemory at 0x7fffcdb5cd06 of 512 bytes failed: ?????? ReadProcessMemory ??? WriteProcessMemory ??? ???????? ?????? ????????. (0x12B)
[0730/013117.576:ERROR:process_memory_win.cc(73)] ReadMemory at 0x7fffd56323c8 of 512 bytes failed: ?????? ReadProcessMemory ??? WriteProcessMemory ??? ???????? ?????? ????????. (0x12B)
[0730/013117.577:ERROR:scoped_process_suspend.cc(40)] NtResumeProcess: ??????? ??????? ? ????????, ???????????? ????????? ??????????. (0xc000010a)
